<?xml version="1.0" encoding="UTF-8"?>
<testsuite name="group2.TASC.TascApplicationTests" tests="1" skipped="0" failures="0" errors="0" timestamp="2020-03-02T01:56:21" hostname="Sarahs-MacBook-Air.local" time="1.549">
  <properties/>
  <testcase name="contextLoads()" classname="group2.TASC.TascApplicationTests" time="1.549"/>
  <system-out><![CDATA[08:56:17.574 [Test worker] DEBUG org.springframework.test.context.BootstrapUtils - Instantiating CacheAwareContextLoaderDelegate from class [org.springframework.test.context.cache.DefaultCacheAwareContextLoaderDelegate]
08:56:17.595 [Test worker] DEBUG org.springframework.test.context.BootstrapUtils - Instantiating BootstrapContext using constructor [public org.springframework.test.context.support.DefaultBootstrapContext(java.lang.Class,org.springframework.test.context.CacheAwareContextLoaderDelegate)]
08:56:17.633 [Test worker] DEBUG org.springframework.test.context.BootstrapUtils - Instantiating TestContextBootstrapper for test class [group2.TASC.TascApplicationTests] from class [org.springframework.boot.test.context.SpringBootTestContextBootstrapper]
08:56:17.682 [Test worker] INFO org.springframework.boot.test.context.SpringBootTestContextBootstrapper - Neither @ContextConfiguration nor @ContextHierarchy found for test class [group2.TASC.TascApplicationTests], using SpringBootContextLoader
08:56:17.689 [Test worker] DEBUG org.springframework.test.context.support.AbstractContextLoader - Did not detect default resource location for test class [group2.TASC.TascApplicationTests]: class path resource [group2/TASC/TascApplicationTests-context.xml] does not exist
08:56:17.690 [Test worker] DEBUG org.springframework.test.context.support.AbstractContextLoader - Did not detect default resource location for test class [group2.TASC.TascApplicationTests]: class path resource [group2/TASC/TascApplicationTestsContext.groovy] does not exist
08:56:17.690 [Test worker] INFO org.springframework.test.context.support.AbstractContextLoader - Could not detect default resource locations for test class [group2.TASC.TascApplicationTests]: no resource found for suffixes {-context.xml, Context.groovy}.
08:56:17.694 [Test worker] INFO org.springframework.test.context.support.AnnotationConfigContextLoaderUtils - Could not detect default configuration classes for test class [group2.TASC.TascApplicationTests]: TascApplicationTests does not declare any static, non-private, non-final, nested classes annotated with @Configuration.
08:56:17.814 [Test worker] DEBUG org.springframework.test.context.support.ActiveProfilesUtils - Could not find an 'annotation declaring class' for annotation type [org.springframework.test.context.ActiveProfiles] and class [group2.TASC.TascApplicationTests]
08:56:17.905 [Test worker] DEBUG org.springframework.context.annotation.ClassPathScanningCandidateComponentProvider - Identified candidate component class: file [/Users/sarahesperanti/Desktop/AdproGA1/build/classes/java/main/group2/TASC/TascApplication.class]
08:56:17.907 [Test worker] INFO org.springframework.boot.test.context.SpringBootTestContextBootstrapper - Found @SpringBootConfiguration group2.TASC.TascApplication for test class group2.TASC.TascApplicationTests
08:56:18.082 [Test worker] DEBUG org.springframework.boot.test.context.SpringBootTestContextBootstrapper - @TestExecutionListeners is not present for class [group2.TASC.TascApplicationTests]: using defaults.
08:56:18.084 [Test worker] INFO org.springframework.boot.test.context.SpringBootTestContextBootstrapper - Loaded default TestExecutionListener class names from location [META-INF/spring.factories]: [org.springframework.boot.test.autoconfigure.restdocs.RestDocsTestExecutionListener, org.springframework.boot.test.autoconfigure.web.client.MockRestServiceServerResetTestExecutionListener, org.springframework.boot.test.autoconfigure.web.servlet.MockMvcPrintOnlyOnFailureTestExecutionListener, org.springframework.boot.test.autoconfigure.web.servlet.WebDriverTestExecutionListener, org.springframework.boot.test.mock.mockito.MockitoTestExecutionListener, org.springframework.boot.test.mock.mockito.ResetMocksTestExecutionListener, org.springframework.test.context.web.ServletTestExecutionListener, org.springframework.test.context.support.DirtiesContextBeforeModesTestExecutionListener, org.springframework.test.context.support.DependencyInjectionTestExecutionListener, org.springframework.test.context.support.DirtiesContextTestExecutionListener, org.springframework.test.context.transaction.TransactionalTestExecutionListener, org.springframework.test.context.jdbc.SqlScriptsTestExecutionListener, org.springframework.test.context.event.EventPublishingTestExecutionListener]
08:56:18.120 [Test worker] DEBUG org.springframework.boot.test.context.SpringBootTestContextBootstrapper - Skipping candidate TestExecutionListener [org.springframework.test.context.transaction.TransactionalTestExecutionListener] due to a missing dependency. Specify custom listener classes or make the default listener classes and their required dependencies available. Offending class: [org/springframework/transaction/interceptor/TransactionAttributeSource]
08:56:18.121 [Test worker] DEBUG org.springframework.boot.test.context.SpringBootTestContextBootstrapper - Skipping candidate TestExecutionListener [org.springframework.test.context.jdbc.SqlScriptsTestExecutionListener] due to a missing dependency. Specify custom listener classes or make the default listener classes and their required dependencies available. Offending class: [org/springframework/transaction/interceptor/TransactionAttribute]
08:56:18.121 [Test worker] INFO org.springframework.boot.test.context.SpringBootTestContextBootstrapper - Using TestExecutionListeners: [org.springframework.test.context.web.ServletTestExecutionListener@6a062d8d, org.springframework.test.context.support.DirtiesContextBeforeModesTestExecutionListener@1cef405, org.springframework.boot.test.mock.mockito.MockitoTestExecutionListener@7564dbf2, org.springframework.boot.test.autoconfigure.SpringBootDependencyInjectionTestExecutionListener@4899e7e0, org.springframework.test.context.support.DirtiesContextTestExecutionListener@1328d13b, org.springframework.test.context.event.EventPublishingTestExecutionListener@65306187, org.springframework.boot.test.autoconfigure.restdocs.RestDocsTestExecutionListener@36589d98, org.springframework.boot.test.autoconfigure.web.client.MockRestServiceServerResetTestExecutionListener@31f9ca54, org.springframework.boot.test.autoconfigure.web.servlet.MockMvcPrintOnlyOnFailureTestExecutionListener@640d7459, org.springframework.boot.test.autoconfigure.web.servlet.WebDriverTestExecutionListener@2d70d06, org.springframework.boot.test.mock.mockito.ResetMocksTestExecutionListener@7011e499]
08:56:18.126 [Test worker] DEBUG org.springframework.test.context.support.AbstractDirtiesContextTestExecutionListener - Before test class: context [DefaultTestContext@5a44c2ff testClass = TascApplicationTests, testInstance = [null], testMethod = [null], testException = [null], mergedContextConfiguration = [WebMergedContextConfiguration@7f534df7 testClass = TascApplicationTests, locations = '{}', classes = '{class group2.TASC.TascApplication}', contextInitializerClasses = '[]', activeProfiles = '{}', propertySourceLocations = '{}', propertySourceProperties = '{org.springframework.boot.test.context.SpringBootTestContextBootstrapper=true}', contextCustomizers = set[org.springframework.boot.test.autoconfigure.properties.PropertyMappingContextCustomizer@0, org.springframework.boot.test.autoconfigure.web.servlet.WebDriverContextCustomizerFactory$Customizer@6d8363af, org.springframework.boot.test.context.filter.ExcludeFilterContextCustomizer@6e7eddf1, org.springframework.boot.test.json.DuplicateJsonObjectContextCustomizerFactory$DuplicateJsonObjectContextCustomizer@70f41e32, org.springframework.boot.test.mock.mockito.MockitoContextCustomizer@0, org.springframework.boot.test.web.client.TestRestTemplateContextCustomizer@303ebd9b], resourceBasePath = 'src/main/webapp', contextLoader = 'org.springframework.boot.test.context.SpringBootContextLoader', parent = [null]], attributes = map['org.springframework.test.context.web.ServletTestExecutionListener.activateListener' -> true]], class annotated with @DirtiesContext [false] with mode [null].
08:56:18.176 [Test worker] DEBUG org.springframework.test.context.support.TestPropertySourceUtils - Adding inlined properties to environment: {spring.jmx.enabled=false, org.springframework.boot.test.context.SpringBootTestContextBootstrapper=true, server.port=-1}

  .   ____          _            __ _ _
 /\\ / ___'_ __ _ _(_)_ __  __ _ \ \ \ \
( ( )\___ | '_ | '_| | '_ \/ _` | \ \ \ \
 \\/  ___)| |_)| | | | | || (_| |  ) ) ) )
  '  |____| .__|_| |_|_| |_\__, | / / / /
 =========|_|==============|___/=/_/_/_/
 :: Spring Boot ::        (v2.2.4.RELEASE)

2020-03-02 08:56:18.984  INFO 1807 --- [    Test worker] group2.TASC.TascApplicationTests         : Starting TascApplicationTests on Sarahs-MacBook-Air.local with PID 1807 (started by sarahesperanti in /Users/sarahesperanti/Desktop/AdproGA1)
2020-03-02 08:56:18.987  INFO 1807 --- [    Test worker] group2.TASC.TascApplicationTests         : No active profile set, falling back to default profiles: default
2020-03-02 08:56:20.782  INFO 1807 --- [    Test worker] o.s.s.concurrent.ThreadPoolTaskExecutor  : Initializing ExecutorService 'applicationTaskExecutor'
2020-03-02 08:56:20.899  INFO 1807 --- [    Test worker] o.s.b.a.w.s.WelcomePageHandlerMapping    : Adding welcome page template: index
2020-03-02 08:56:21.230  INFO 1807 --- [    Test worker] group2.TASC.TascApplicationTests         : Started TascApplicationTests in 3.026 seconds (JVM running for 5.367)
]]></system-out>
  <system-err><![CDATA[]]></system-err>
</testsuite>
