<?xml version="1.0" encoding="UTF-8"?>
<testsuite name="group2.TASC.TascApplicationTests" tests="1" skipped="0" failures="0" errors="0" timestamp="2020-03-02T02:29:48" hostname="DESKTOP-79MFRAB" time="0.641">
  <properties/>
  <testcase name="contextLoads()" classname="group2.TASC.TascApplicationTests" time="0.641"/>
  <system-out><![CDATA[09:29:42.889 [Test worker] DEBUG org.springframework.test.context.BootstrapUtils - Instantiating CacheAwareContextLoaderDelegate from class [org.springframework.test.context.cache.DefaultCacheAwareContextLoaderDelegate]
09:29:42.943 [Test worker] DEBUG org.springframework.test.context.BootstrapUtils - Instantiating BootstrapContext using constructor [public org.springframework.test.context.support.DefaultBootstrapContext(java.lang.Class,org.springframework.test.context.CacheAwareContextLoaderDelegate)]
09:29:43.029 [Test worker] DEBUG org.springframework.test.context.BootstrapUtils - Instantiating TestContextBootstrapper for test class [group2.TASC.TascApplicationTests] from class [org.springframework.boot.test.context.SpringBootTestContextBootstrapper]
09:29:43.074 [Test worker] INFO org.springframework.boot.test.context.SpringBootTestContextBootstrapper - Neither @ContextConfiguration nor @ContextHierarchy found for test class [group2.TASC.TascApplicationTests], using SpringBootContextLoader
09:29:43.087 [Test worker] DEBUG org.springframework.test.context.support.AbstractContextLoader - Did not detect default resource location for test class [group2.TASC.TascApplicationTests]: class path resource [group2/TASC/TascApplicationTests-context.xml] does not exist
09:29:43.088 [Test worker] DEBUG org.springframework.test.context.support.AbstractContextLoader - Did not detect default resource location for test class [group2.TASC.TascApplicationTests]: class path resource [group2/TASC/TascApplicationTestsContext.groovy] does not exist
09:29:43.089 [Test worker] INFO org.springframework.test.context.support.AbstractContextLoader - Could not detect default resource locations for test class [group2.TASC.TascApplicationTests]: no resource found for suffixes {-context.xml, Context.groovy}.
09:29:43.091 [Test worker] INFO org.springframework.test.context.support.AnnotationConfigContextLoaderUtils - Could not detect default configuration classes for test class [group2.TASC.TascApplicationTests]: TascApplicationTests does not declare any static, non-private, non-final, nested classes annotated with @Configuration.
09:29:43.183 [Test worker] DEBUG org.springframework.test.context.support.ActiveProfilesUtils - Could not find an 'annotation declaring class' for annotation type [org.springframework.test.context.ActiveProfiles] and class [group2.TASC.TascApplicationTests]
09:29:43.380 [Test worker] DEBUG org.springframework.context.annotation.ClassPathScanningCandidateComponentProvider - Identified candidate component class: file [C:\Users\AufaWiandraMoenzil\Documents\COLLEGE\Asses\6th\AP\tasc-teaching-assistant-student-connector\build\classes\java\main\group2\TASC\TascApplication.class]
09:29:43.382 [Test worker] INFO org.springframework.boot.test.context.SpringBootTestContextBootstrapper - Found @SpringBootConfiguration group2.TASC.TascApplication for test class group2.TASC.TascApplicationTests
09:29:43.664 [Test worker] DEBUG org.springframework.boot.test.context.SpringBootTestContextBootstrapper - @TestExecutionListeners is not present for class [group2.TASC.TascApplicationTests]: using defaults.
09:29:43.665 [Test worker] INFO org.springframework.boot.test.context.SpringBootTestContextBootstrapper - Loaded default TestExecutionListener class names from location [META-INF/spring.factories]: [org.springframework.boot.test.autoconfigure.restdocs.RestDocsTestExecutionListener, org.springframework.boot.test.autoconfigure.web.client.MockRestServiceServerResetTestExecutionListener, org.springframework.boot.test.autoconfigure.web.servlet.MockMvcPrintOnlyOnFailureTestExecutionListener, org.springframework.boot.test.autoconfigure.web.servlet.WebDriverTestExecutionListener, org.springframework.boot.test.mock.mockito.MockitoTestExecutionListener, org.springframework.boot.test.mock.mockito.ResetMocksTestExecutionListener, org.springframework.test.context.web.ServletTestExecutionListener, org.springframework.test.context.support.DirtiesContextBeforeModesTestExecutionListener, org.springframework.test.context.support.DependencyInjectionTestExecutionListener, org.springframework.test.context.support.DirtiesContextTestExecutionListener, org.springframework.test.context.transaction.TransactionalTestExecutionListener, org.springframework.test.context.jdbc.SqlScriptsTestExecutionListener, org.springframework.test.context.event.EventPublishingTestExecutionListener]
09:29:43.701 [Test worker] DEBUG org.springframework.boot.test.context.SpringBootTestContextBootstrapper - Skipping candidate TestExecutionListener [org.springframework.test.context.transaction.TransactionalTestExecutionListener] due to a missing dependency. Specify custom listener classes or make the default listener classes and their required dependencies available. Offending class: [org/springframework/transaction/TransactionDefinition]
09:29:43.702 [Test worker] DEBUG org.springframework.boot.test.context.SpringBootTestContextBootstrapper - Skipping candidate TestExecutionListener [org.springframework.test.context.jdbc.SqlScriptsTestExecutionListener] due to a missing dependency. Specify custom listener classes or make the default listener classes and their required dependencies available. Offending class: [org/springframework/transaction/interceptor/TransactionAttribute]
09:29:43.703 [Test worker] INFO org.springframework.boot.test.context.SpringBootTestContextBootstrapper - Using TestExecutionListeners: [org.springframework.test.context.web.ServletTestExecutionListener@d4d74bf, org.springframework.test.context.support.DirtiesContextBeforeModesTestExecutionListener@4b488205, org.springframework.boot.test.mock.mockito.MockitoTestExecutionListener@33b084c8, org.springframework.boot.test.autoconfigure.SpringBootDependencyInjectionTestExecutionListener@56b4760c, org.springframework.test.context.support.DirtiesContextTestExecutionListener@30ba08e9, org.springframework.test.context.event.EventPublishingTestExecutionListener@3f6dfc51, org.springframework.boot.test.autoconfigure.restdocs.RestDocsTestExecutionListener@8ccb9b0, org.springframework.boot.test.autoconfigure.web.client.MockRestServiceServerResetTestExecutionListener@7dbdbab3, org.springframework.boot.test.autoconfigure.web.servlet.MockMvcPrintOnlyOnFailureTestExecutionListener@1da018ad, org.springframework.boot.test.autoconfigure.web.servlet.WebDriverTestExecutionListener@4dffe03c, org.springframework.boot.test.mock.mockito.ResetMocksTestExecutionListener@2013c10a]
09:29:43.713 [Test worker] DEBUG org.springframework.test.context.support.AbstractDirtiesContextTestExecutionListener - Before test class: context [DefaultTestContext@3dfe06f6 testClass = TascApplicationTests, testInstance = [null], testMethod = [null], testException = [null], mergedContextConfiguration = [WebMergedContextConfiguration@1aa2e7f8 testClass = TascApplicationTests, locations = '{}', classes = '{class group2.TASC.TascApplication}', contextInitializerClasses = '[]', activeProfiles = '{}', propertySourceLocations = '{}', propertySourceProperties = '{org.springframework.boot.test.context.SpringBootTestContextBootstrapper=true}', contextCustomizers = set[org.springframework.boot.test.autoconfigure.properties.PropertyMappingContextCustomizer@0, org.springframework.boot.test.autoconfigure.web.servlet.WebDriverContextCustomizerFactory$Customizer@d1ab988, org.springframework.boot.test.context.filter.ExcludeFilterContextCustomizer@762660d7, org.springframework.boot.test.json.DuplicateJsonObjectContextCustomizerFactory$DuplicateJsonObjectContextCustomizer@6cf1ee43, org.springframework.boot.test.mock.mockito.MockitoContextCustomizer@0, org.springframework.boot.test.web.client.TestRestTemplateContextCustomizer@32b862e], resourceBasePath = 'src/main/webapp', contextLoader = 'org.springframework.boot.test.context.SpringBootContextLoader', parent = [null]], attributes = map['org.springframework.test.context.web.ServletTestExecutionListener.activateListener' -> true]], class annotated with @DirtiesContext [false] with mode [null].
09:29:43.784 [Test worker] DEBUG org.springframework.test.context.support.TestPropertySourceUtils - Adding inlined properties to environment: {spring.jmx.enabled=false, org.springframework.boot.test.context.SpringBootTestContextBootstrapper=true, server.port=-1}

  .   ____          _            __ _ _
 /\\ / ___'_ __ _ _(_)_ __  __ _ \ \ \ \
( ( )\___ | '_ | '_| | '_ \/ _` | \ \ \ \
 \\/  ___)| |_)| | | | | || (_| |  ) ) ) )
  '  |____| .__|_| |_|_| |_\__, | / / / /
 =========|_|==============|___/=/_/_/_/
 :: Spring Boot ::        (v2.2.4.RELEASE)

2020-03-02 09:29:44.421  INFO 1856 --- [    Test worker] group2.TASC.TascApplicationTests         : Starting TascApplicationTests on DESKTOP-79MFRAB with PID 1856 (started by AufaWiandraMoenzil in C:\Users\AufaWiandraMoenzil\Documents\COLLEGE\Asses\6th\AP\tasc-teaching-assistant-student-connector)
2020-03-02 09:29:44.425  INFO 1856 --- [    Test worker] group2.TASC.TascApplicationTests         : No active profile set, falling back to default profiles: default
2020-03-02 09:29:47.442  INFO 1856 --- [    Test worker] o.s.s.concurrent.ThreadPoolTaskExecutor  : Initializing ExecutorService 'applicationTaskExecutor'
2020-03-02 09:29:47.907  INFO 1856 --- [    Test worker] o.s.b.a.w.s.WelcomePageHandlerMapping    : Adding welcome page template: index
2020-03-02 09:29:48.726  INFO 1856 --- [    Test worker] group2.TASC.TascApplicationTests         : Started TascApplicationTests in 4.915 seconds (JVM running for 8.074)
]]></system-out>
  <system-err><![CDATA[]]></system-err>
</testsuite>
